mode: set
github.com/japm/evalGo/evalGoArithm.go:10.82,11.21 1 1
github.com/japm/evalGo/evalGoArithm.go:105.2,105.111 1 0
github.com/japm/evalGo/evalGoArithm.go:12.2,13.23 1 1
github.com/japm/evalGo/evalGoArithm.go:38.2,39.23 1 1
github.com/japm/evalGo/evalGoArithm.go:64.2,65.23 1 1
github.com/japm/evalGo/evalGoArithm.go:86.2,87.23 1 1
github.com/japm/evalGo/evalGoArithm.go:101.2,102.18 1 0
github.com/japm/evalGo/evalGoArithm.go:14.3,15.44 1 1
github.com/japm/evalGo/evalGoArithm.go:16.3,17.49 1 1
github.com/japm/evalGo/evalGoArithm.go:18.3,19.55 1 1
github.com/japm/evalGo/evalGoArithm.go:20.3,22.18 2 1
github.com/japm/evalGo/evalGoArithm.go:25.4,26.18 2 1
github.com/japm/evalGo/evalGoArithm.go:29.4,29.44 1 0
github.com/japm/evalGo/evalGoArithm.go:30.3,31.20 1 1
github.com/japm/evalGo/evalGoArithm.go:34.4,34.20 1 1
github.com/japm/evalGo/evalGoArithm.go:35.3,36.28 1 0
github.com/japm/evalGo/evalGoArithm.go:22.18,24.5 1 1
github.com/japm/evalGo/evalGoArithm.go:26.18,28.5 1 1
github.com/japm/evalGo/evalGoArithm.go:31.20,33.5 1 1
github.com/japm/evalGo/evalGoArithm.go:40.3,41.49 1 1
github.com/japm/evalGo/evalGoArithm.go:42.3,43.40 1 1
github.com/japm/evalGo/evalGoArithm.go:44.3,45.53 1 1
github.com/japm/evalGo/evalGoArithm.go:46.3,48.18 2 1
github.com/japm/evalGo/evalGoArithm.go:51.4,52.18 2 1
github.com/japm/evalGo/evalGoArithm.go:55.4,55.42 1 0
github.com/japm/evalGo/evalGoArithm.go:56.3,57.20 1 1
github.com/japm/evalGo/evalGoArithm.go:60.4,60.20 1 1
github.com/japm/evalGo/evalGoArithm.go:61.3,62.26 1 0
github.com/japm/evalGo/evalGoArithm.go:48.18,50.5 1 0
github.com/japm/evalGo/evalGoArithm.go:52.18,54.5 1 1
github.com/japm/evalGo/evalGoArithm.go:57.20,59.5 1 1
github.com/japm/evalGo/evalGoArithm.go:66.3,67.55 1 1
github.com/japm/evalGo/evalGoArithm.go:68.3,69.53 1 1
github.com/japm/evalGo/evalGoArithm.go:70.3,71.48 1 1
github.com/japm/evalGo/evalGoArithm.go:72.3,74.18 2 1
github.com/japm/evalGo/evalGoArithm.go:77.4,77.37 1 0
github.com/japm/evalGo/evalGoArithm.go:78.3,79.20 1 1
github.com/japm/evalGo/evalGoArithm.go:82.4,82.20 1 1
github.com/japm/evalGo/evalGoArithm.go:83.3,84.30 1 0
github.com/japm/evalGo/evalGoArithm.go:74.18,76.5 1 1
github.com/japm/evalGo/evalGoArithm.go:79.20,81.5 1 1
github.com/japm/evalGo/evalGoArithm.go:88.3,89.46 1 1
github.com/japm/evalGo/evalGoArithm.go:90.3,91.68 1 1
github.com/japm/evalGo/evalGoArithm.go:92.3,93.57 1 1
github.com/japm/evalGo/evalGoArithm.go:94.3,95.81 1 1
github.com/japm/evalGo/evalGoArithm.go:96.3,97.64 1 1
github.com/japm/evalGo/evalGoArithm.go:98.3,99.29 1 0
github.com/japm/evalGo/evalGoArithm.go:108.82,109.21 1 1
github.com/japm/evalGo/evalGoArithm.go:203.2,203.111 1 0
github.com/japm/evalGo/evalGoArithm.go:110.2,111.23 1 1
github.com/japm/evalGo/evalGoArithm.go:136.2,137.23 1 1
github.com/japm/evalGo/evalGoArithm.go:162.2,163.23 1 1
github.com/japm/evalGo/evalGoArithm.go:184.2,185.23 1 1
github.com/japm/evalGo/evalGoArithm.go:199.2,200.18 1 0
github.com/japm/evalGo/evalGoArithm.go:112.3,113.44 1 1
github.com/japm/evalGo/evalGoArithm.go:114.3,115.49 1 1
github.com/japm/evalGo/evalGoArithm.go:116.3,117.55 1 1
github.com/japm/evalGo/evalGoArithm.go:118.3,120.18 2 1
github.com/japm/evalGo/evalGoArithm.go:123.4,124.18 2 1
github.com/japm/evalGo/evalGoArithm.go:127.4,127.44 1 0
github.com/japm/evalGo/evalGoArithm.go:128.3,129.20 1 1
github.com/japm/evalGo/evalGoArithm.go:132.4,132.20 1 1
github.com/japm/evalGo/evalGoArithm.go:133.3,134.20 1 0
github.com/japm/evalGo/evalGoArithm.go:120.18,122.5 1 1
github.com/japm/evalGo/evalGoArithm.go:124.18,126.5 1 1
github.com/japm/evalGo/evalGoArithm.go:129.20,131.5 1 1
github.com/japm/evalGo/evalGoArithm.go:138.3,139.49 1 0
github.com/japm/evalGo/evalGoArithm.go:140.3,141.40 1 1
github.com/japm/evalGo/evalGoArithm.go:142.3,143.53 1 1
github.com/japm/evalGo/evalGoArithm.go:144.3,146.18 2 1
github.com/japm/evalGo/evalGoArithm.go:149.4,150.18 2 1
github.com/japm/evalGo/evalGoArithm.go:153.4,153.42 1 0
github.com/japm/evalGo/evalGoArithm.go:154.3,155.20 1 1
github.com/japm/evalGo/evalGoArithm.go:158.4,158.20 1 1
github.com/japm/evalGo/evalGoArithm.go:159.3,160.20 1 0
github.com/japm/evalGo/evalGoArithm.go:146.18,148.5 1 0
github.com/japm/evalGo/evalGoArithm.go:150.18,152.5 1 1
github.com/japm/evalGo/evalGoArithm.go:155.20,157.5 1 1
github.com/japm/evalGo/evalGoArithm.go:164.3,165.55 1 1
github.com/japm/evalGo/evalGoArithm.go:166.3,167.53 1 1
github.com/japm/evalGo/evalGoArithm.go:168.3,169.48 1 1
github.com/japm/evalGo/evalGoArithm.go:170.3,172.18 2 1
github.com/japm/evalGo/evalGoArithm.go:175.4,175.37 1 0
github.com/japm/evalGo/evalGoArithm.go:176.3,177.20 1 1
github.com/japm/evalGo/evalGoArithm.go:180.4,180.20 1 1
github.com/japm/evalGo/evalGoArithm.go:181.3,182.20 1 0
github.com/japm/evalGo/evalGoArithm.go:172.18,174.5 1 1
github.com/japm/evalGo/evalGoArithm.go:177.20,179.5 1 1
github.com/japm/evalGo/evalGoArithm.go:186.3,187.70 1 1
github.com/japm/evalGo/evalGoArithm.go:188.3,189.92 1 1
github.com/japm/evalGo/evalGoArithm.go:190.3,191.81 1 1
github.com/japm/evalGo/evalGoArithm.go:192.3,193.105 1 1
github.com/japm/evalGo/evalGoArithm.go:194.3,195.88 1 1
github.com/japm/evalGo/evalGoArithm.go:196.3,197.20 1 0
github.com/japm/evalGo/evalGoArithm.go:206.82,207.21 1 1
github.com/japm/evalGo/evalGoArithm.go:315.2,315.111 1 0
github.com/japm/evalGo/evalGoArithm.go:208.2,209.23 1 1
github.com/japm/evalGo/evalGoArithm.go:234.2,235.23 1 1
github.com/japm/evalGo/evalGoArithm.go:260.2,261.23 1 1
github.com/japm/evalGo/evalGoArithm.go:286.2,287.23 1 1
github.com/japm/evalGo/evalGoArithm.go:312.2,313.18 1 0
github.com/japm/evalGo/evalGoArithm.go:210.3,211.44 1 1
github.com/japm/evalGo/evalGoArithm.go:212.3,213.49 1 1
github.com/japm/evalGo/evalGoArithm.go:214.3,215.55 1 1
github.com/japm/evalGo/evalGoArithm.go:216.3,218.18 2 1
github.com/japm/evalGo/evalGoArithm.go:221.4,222.18 2 1
github.com/japm/evalGo/evalGoArithm.go:225.4,225.44 1 0
github.com/japm/evalGo/evalGoArithm.go:226.3,227.20 1 1
github.com/japm/evalGo/evalGoArithm.go:230.4,230.24 1 1
github.com/japm/evalGo/evalGoArithm.go:231.3,232.24 1 0
github.com/japm/evalGo/evalGoArithm.go:218.18,220.5 1 1
github.com/japm/evalGo/evalGoArithm.go:222.18,224.5 1 1
github.com/japm/evalGo/evalGoArithm.go:227.20,229.5 1 1
github.com/japm/evalGo/evalGoArithm.go:236.3,237.49 1 1
github.com/japm/evalGo/evalGoArithm.go:238.3,239.40 1 1
github.com/japm/evalGo/evalGoArithm.go:240.3,241.53 1 1
github.com/japm/evalGo/evalGoArithm.go:242.3,244.18 2 1
github.com/japm/evalGo/evalGoArithm.go:247.4,248.18 2 1
github.com/japm/evalGo/evalGoArithm.go:251.4,251.42 1 0
github.com/japm/evalGo/evalGoArithm.go:252.3,253.20 1 1
github.com/japm/evalGo/evalGoArithm.go:256.4,256.17 1 1
github.com/japm/evalGo/evalGoArithm.go:257.3,258.17 1 0
github.com/japm/evalGo/evalGoArithm.go:244.18,246.5 1 0
github.com/japm/evalGo/evalGoArithm.go:248.18,250.5 1 1
github.com/japm/evalGo/evalGoArithm.go:253.20,255.5 1 1
github.com/japm/evalGo/evalGoArithm.go:262.3,263.55 1 1
github.com/japm/evalGo/evalGoArithm.go:264.3,265.53 1 1
github.com/japm/evalGo/evalGoArithm.go:266.3,267.48 1 1
github.com/japm/evalGo/evalGoArithm.go:268.3,270.18 2 1
github.com/japm/evalGo/evalGoArithm.go:273.4,274.18 2 1
github.com/japm/evalGo/evalGoArithm.go:277.4,277.37 1 0
github.com/japm/evalGo/evalGoArithm.go:278.3,279.20 1 1
github.com/japm/evalGo/evalGoArithm.go:282.4,282.26 1 1
github.com/japm/evalGo/evalGoArithm.go:283.3,284.26 1 0
github.com/japm/evalGo/evalGoArithm.go:270.18,272.5 1 0
github.com/japm/evalGo/evalGoArithm.go:274.18,276.5 1 1
github.com/japm/evalGo/evalGoArithm.go:279.20,281.5 1 1
github.com/japm/evalGo/evalGoArithm.go:288.3,290.18 2 1
github.com/japm/evalGo/evalGoArithm.go:297.4,297.56 1 1
github.com/japm/evalGo/evalGoArithm.go:298.3,299.65 1 1
github.com/japm/evalGo/evalGoArithm.go:300.3,301.58 1 1
github.com/japm/evalGo/evalGoArithm.go:302.3,303.67 1 1
github.com/japm/evalGo/evalGoArithm.go:304.3,305.20 1 0
github.com/japm/evalGo/evalGoArithm.go:308.4,308.18 1 0
github.com/japm/evalGo/evalGoArithm.go:309.3,310.18 1 0
github.com/japm/evalGo/evalGoArithm.go:290.18,292.19 2 1
github.com/japm/evalGo/evalGoArithm.go:295.5,295.23 1 0
github.com/japm/evalGo/evalGoArithm.go:292.19,294.6 1 1
github.com/japm/evalGo/evalGoArithm.go:305.20,307.5 1 0
github.com/japm/evalGo/evalGoArithm.go:318.82,319.21 1 1
github.com/japm/evalGo/evalGoArithm.go:401.2,401.111 1 1
github.com/japm/evalGo/evalGoArithm.go:320.2,321.23 1 1
github.com/japm/evalGo/evalGoArithm.go:346.2,347.23 1 1
github.com/japm/evalGo/evalGoArithm.go:372.2,373.23 1 1
github.com/japm/evalGo/evalGoArithm.go:398.2,399.18 1 0
github.com/japm/evalGo/evalGoArithm.go:322.3,323.44 1 1
github.com/japm/evalGo/evalGoArithm.go:324.3,325.49 1 1
github.com/japm/evalGo/evalGoArithm.go:326.3,327.55 1 1
github.com/japm/evalGo/evalGoArithm.go:328.3,330.18 2 1
github.com/japm/evalGo/evalGoArithm.go:333.4,334.18 2 1
github.com/japm/evalGo/evalGoArithm.go:337.4,337.44 1 0
github.com/japm/evalGo/evalGoArithm.go:338.3,339.20 1 1
github.com/japm/evalGo/evalGoArithm.go:342.4,342.56 1 1
github.com/japm/evalGo/evalGoArithm.go:343.3,344.56 1 0
github.com/japm/evalGo/evalGoArithm.go:330.18,332.5 1 1
github.com/japm/evalGo/evalGoArithm.go:334.18,336.5 1 1
github.com/japm/evalGo/evalGoArithm.go:339.20,341.5 1 1
github.com/japm/evalGo/evalGoArithm.go:348.3,349.49 1 1
github.com/japm/evalGo/evalGoArithm.go:350.3,351.40 1 1
github.com/japm/evalGo/evalGoArithm.go:352.3,353.53 1 1
github.com/japm/evalGo/evalGoArithm.go:354.3,356.18 2 1
github.com/japm/evalGo/evalGoArithm.go:359.4,360.18 2 1
github.com/japm/evalGo/evalGoArithm.go:363.4,363.42 1 0
github.com/japm/evalGo/evalGoArithm.go:364.3,365.20 1 1
github.com/japm/evalGo/evalGoArithm.go:368.4,368.56 1 1
github.com/japm/evalGo/evalGoArithm.go:369.3,370.56 1 0
github.com/japm/evalGo/evalGoArithm.go:356.18,358.5 1 0
github.com/japm/evalGo/evalGoArithm.go:360.18,362.5 1 1
github.com/japm/evalGo/evalGoArithm.go:365.20,367.5 1 1
github.com/japm/evalGo/evalGoArithm.go:374.3,375.55 1 1
github.com/japm/evalGo/evalGoArithm.go:376.3,377.53 1 1
github.com/japm/evalGo/evalGoArithm.go:378.3,379.48 1 1
github.com/japm/evalGo/evalGoArithm.go:380.3,382.18 2 1
github.com/japm/evalGo/evalGoArithm.go:385.4,386.18 2 1
github.com/japm/evalGo/evalGoArithm.go:389.4,389.37 1 0
github.com/japm/evalGo/evalGoArithm.go:390.3,391.20 1 1
github.com/japm/evalGo/evalGoArithm.go:394.4,394.56 1 0
github.com/japm/evalGo/evalGoArithm.go:395.3,396.56 1 0
github.com/japm/evalGo/evalGoArithm.go:382.18,384.5 1 0
github.com/japm/evalGo/evalGoArithm.go:386.18,388.5 1 1
github.com/japm/evalGo/evalGoArithm.go:391.20,393.5 1 1
github.com/japm/evalGo/evalGoArithm.go:404.82,405.21 1 0
github.com/japm/evalGo/evalGoArithm.go:467.2,467.111 1 0
github.com/japm/evalGo/evalGoArithm.go:406.2,407.23 1 0
github.com/japm/evalGo/evalGoArithm.go:432.2,433.23 1 0
github.com/japm/evalGo/evalGoArithm.go:448.2,449.23 1 0
github.com/japm/evalGo/evalGoArithm.go:464.2,465.18 1 0
github.com/japm/evalGo/evalGoArithm.go:408.3,409.44 1 0
github.com/japm/evalGo/evalGoArithm.go:410.3,411.49 1 0
github.com/japm/evalGo/evalGoArithm.go:412.3,413.53 1 0
github.com/japm/evalGo/evalGoArithm.go:414.3,416.18 2 0
github.com/japm/evalGo/evalGoArithm.go:419.4,420.18 2 0
github.com/japm/evalGo/evalGoArithm.go:423.4,423.42 1 0
github.com/japm/evalGo/evalGoArithm.go:424.3,425.20 1 0
github.com/japm/evalGo/evalGoArithm.go:428.4,428.53 1 0
github.com/japm/evalGo/evalGoArithm.go:429.3,430.53 1 0
github.com/japm/evalGo/evalGoArithm.go:416.18,418.5 1 0
github.com/japm/evalGo/evalGoArithm.go:420.18,422.5 1 0
github.com/japm/evalGo/evalGoArithm.go:425.20,427.5 1 0
github.com/japm/evalGo/evalGoArithm.go:434.3,435.49 1 0
github.com/japm/evalGo/evalGoArithm.go:436.3,437.40 1 0
github.com/japm/evalGo/evalGoArithm.go:438.3,439.58 1 0
github.com/japm/evalGo/evalGoArithm.go:440.3,441.20 1 0
github.com/japm/evalGo/evalGoArithm.go:444.4,444.53 1 0
github.com/japm/evalGo/evalGoArithm.go:445.3,446.53 1 0
github.com/japm/evalGo/evalGoArithm.go:441.20,443.5 1 0
github.com/japm/evalGo/evalGoArithm.go:450.3,451.53 1 0
github.com/japm/evalGo/evalGoArithm.go:452.3,453.58 1 0
github.com/japm/evalGo/evalGoArithm.go:454.3,455.62 1 0
github.com/japm/evalGo/evalGoArithm.go:456.3,457.20 1 0
github.com/japm/evalGo/evalGoArithm.go:460.4,460.53 1 0
github.com/japm/evalGo/evalGoArithm.go:461.3,462.53 1 0
github.com/japm/evalGo/evalGoArithm.go:457.20,459.5 1 0
github.com/japm/evalGo/evalGoCall.go:15.89,17.16 2 1
github.com/japm/evalGo/evalGoCall.go:21.2,23.36 3 1
github.com/japm/evalGo/evalGoCall.go:26.2,27.8 2 1
github.com/japm/evalGo/evalGoCall.go:30.2,30.56 1 1
github.com/japm/evalGo/evalGoCall.go:17.16,19.3 1 0
github.com/japm/evalGo/evalGoCall.go:23.36,25.3 1 0
github.com/japm/evalGo/evalGoCall.go:27.8,29.3 1 0
github.com/japm/evalGo/evalGoCall.go:33.81,36.16 2 1
github.com/japm/evalGo/evalGoCall.go:40.2,40.20 1 1
github.com/japm/evalGo/evalGoCall.go:47.2,52.23 4 1
github.com/japm/evalGo/evalGoCall.go:56.2,59.25 3 1
github.com/japm/evalGo/evalGoCall.go:71.2,72.25 2 1
github.com/japm/evalGo/evalGoCall.go:78.2,79.24 2 1
github.com/japm/evalGo/evalGoCall.go:83.2,83.36 1 1
github.com/japm/evalGo/evalGoCall.go:108.2,111.22 2 1
github.com/japm/evalGo/evalGoCall.go:114.2,114.35 1 1
github.com/japm/evalGo/evalGoCall.go:36.16,38.3 1 0
github.com/japm/evalGo/evalGoCall.go:41.2,42.8 1 1
github.com/japm/evalGo/evalGoCall.go:43.2,44.75 1 0
github.com/japm/evalGo/evalGoCall.go:52.23,54.3 1 0
github.com/japm/evalGo/evalGoCall.go:59.25,60.32 1 1
github.com/japm/evalGo/evalGoCall.go:60.32,62.4 1 0
github.com/japm/evalGo/evalGoCall.go:63.3,65.31 2 1
github.com/japm/evalGo/evalGoCall.go:65.31,67.4 1 0
github.com/japm/evalGo/evalGoCall.go:72.25,74.3 1 1
github.com/japm/evalGo/evalGoCall.go:74.3,76.3 1 1
github.com/japm/evalGo/evalGoCall.go:79.24,81.3 1 1
github.com/japm/evalGo/evalGoCall.go:83.36,86.17 2 1
github.com/japm/evalGo/evalGoCall.go:89.3,93.21 3 1
github.com/japm/evalGo/evalGoCall.go:98.3,98.28 1 1
github.com/japm/evalGo/evalGoCall.go:104.3,104.19 1 1
github.com/japm/evalGo/evalGoCall.go:86.17,88.4 1 0
github.com/japm/evalGo/evalGoCall.go:93.21,95.4 1 1
github.com/japm/evalGo/evalGoCall.go:95.4,97.4 1 1
github.com/japm/evalGo/evalGoCall.go:98.28,99.42 1 1
github.com/japm/evalGo/evalGoCall.go:102.4,102.31 1 1
github.com/japm/evalGo/evalGoCall.go:99.42,101.5 1 0
github.com/japm/evalGo/evalGoCall.go:111.22,113.3 1 0
github.com/japm/evalGo/evalGoCompare.go:9.82,10.18 1 1
github.com/japm/evalGo/evalGoCompare.go:13.2,13.21 1 1
github.com/japm/evalGo/evalGoCompare.go:98.2,98.111 1 0
github.com/japm/evalGo/evalGoCompare.go:10.18,12.3 1 0
github.com/japm/evalGo/evalGoCompare.go:14.2,15.23 1 1
github.com/japm/evalGo/evalGoCompare.go:38.2,39.23 1 1
github.com/japm/evalGo/evalGoCompare.go:62.2,63.23 1 1
github.com/japm/evalGo/evalGoCompare.go:82.2,83.23 1 1
github.com/japm/evalGo/evalGoCompare.go:95.2,96.18 1 0
github.com/japm/evalGo/evalGoCompare.go:16.3,17.45 1 1
github.com/japm/evalGo/evalGoCompare.go:18.3,19.50 1 1
github.com/japm/evalGo/evalGoCompare.go:20.3,21.56 1 1
github.com/japm/evalGo/evalGoCompare.go:22.3,24.18 2 1
github.com/japm/evalGo/evalGoCompare.go:27.4,28.18 2 1
github.com/japm/evalGo/evalGoCompare.go:31.4,31.45 1 0
github.com/japm/evalGo/evalGoCompare.go:32.3,33.20 1 1
github.com/japm/evalGo/evalGoCompare.go:36.4,36.40 1 1
github.com/japm/evalGo/evalGoCompare.go:24.18,26.5 1 1
github.com/japm/evalGo/evalGoCompare.go:28.18,30.5 1 1
github.com/japm/evalGo/evalGoCompare.go:33.20,35.5 1 1
github.com/japm/evalGo/evalGoCompare.go:40.3,41.50 1 1
github.com/japm/evalGo/evalGoCompare.go:42.3,43.41 1 1
github.com/japm/evalGo/evalGoCompare.go:44.3,45.54 1 1
github.com/japm/evalGo/evalGoCompare.go:46.3,48.18 2 1
github.com/japm/evalGo/evalGoCompare.go:51.4,52.18 2 1
github.com/japm/evalGo/evalGoCompare.go:55.4,55.43 1 0
github.com/japm/evalGo/evalGoCompare.go:56.3,57.20 1 1
github.com/japm/evalGo/evalGoCompare.go:60.4,60.31 1 1
github.com/japm/evalGo/evalGoCompare.go:48.18,50.5 1 0
github.com/japm/evalGo/evalGoCompare.go:52.18,54.5 1 1
github.com/japm/evalGo/evalGoCompare.go:57.20,59.5 1 1
github.com/japm/evalGo/evalGoCompare.go:64.3,65.56 1 1
github.com/japm/evalGo/evalGoCompare.go:66.3,67.54 1 1
github.com/japm/evalGo/evalGoCompare.go:68.3,69.49 1 1
github.com/japm/evalGo/evalGoCompare.go:70.3,72.18 2 1
github.com/japm/evalGo/evalGoCompare.go:75.4,75.38 1 0
github.com/japm/evalGo/evalGoCompare.go:76.3,77.20 1 1
github.com/japm/evalGo/evalGoCompare.go:80.4,80.44 1 1
github.com/japm/evalGo/evalGoCompare.go:72.18,74.5 1 1
github.com/japm/evalGo/evalGoCompare.go:77.20,79.5 1 1
github.com/japm/evalGo/evalGoCompare.go:84.3,85.47 1 1
github.com/japm/evalGo/evalGoCompare.go:86.3,87.69 1 1
github.com/japm/evalGo/evalGoCompare.go:88.3,89.58 1 1
github.com/japm/evalGo/evalGoCompare.go:90.3,91.82 1 1
github.com/japm/evalGo/evalGoCompare.go:92.3,93.65 1 1
github.com/japm/evalGo/evalGoCompare.go:101.82,103.16 2 0
github.com/japm/evalGo/evalGoCompare.go:106.2,106.25 1 0
github.com/japm/evalGo/evalGoCompare.go:103.16,105.3 1 0
github.com/japm/evalGo/evalGoCompare.go:109.82,110.21 1 1
github.com/japm/evalGo/evalGoCompare.go:230.2,230.111 1 0
github.com/japm/evalGo/evalGoCompare.go:111.2,112.23 1 1
github.com/japm/evalGo/evalGoCompare.go:137.2,138.23 1 1
github.com/japm/evalGo/evalGoCompare.go:163.2,164.23 1 1
github.com/japm/evalGo/evalGoCompare.go:185.2,186.23 1 1
github.com/japm/evalGo/evalGoCompare.go:200.2,201.23 1 0
github.com/japm/evalGo/evalGoCompare.go:227.2,228.27 1 0
github.com/japm/evalGo/evalGoCompare.go:113.3,114.45 1 1
github.com/japm/evalGo/evalGoCompare.go:115.3,116.50 1 1
github.com/japm/evalGo/evalGoCompare.go:117.3,118.56 1 1
github.com/japm/evalGo/evalGoCompare.go:119.3,121.18 2 1
github.com/japm/evalGo/evalGoCompare.go:124.4,125.18 2 1
github.com/japm/evalGo/evalGoCompare.go:128.4,128.45 1 0
github.com/japm/evalGo/evalGoCompare.go:129.3,130.20 1 1
github.com/japm/evalGo/evalGoCompare.go:133.4,133.40 1 1
github.com/japm/evalGo/evalGoCompare.go:134.3,135.40 1 0
github.com/japm/evalGo/evalGoCompare.go:121.18,123.5 1 1
github.com/japm/evalGo/evalGoCompare.go:125.18,127.5 1 1
github.com/japm/evalGo/evalGoCompare.go:130.20,132.5 1 1
github.com/japm/evalGo/evalGoCompare.go:139.3,140.50 1 1
github.com/japm/evalGo/evalGoCompare.go:141.3,142.41 1 1
github.com/japm/evalGo/evalGoCompare.go:143.3,144.54 1 1
github.com/japm/evalGo/evalGoCompare.go:145.3,147.18 2 1
github.com/japm/evalGo/evalGoCompare.go:150.4,151.18 2 1
github.com/japm/evalGo/evalGoCompare.go:154.4,154.43 1 0
github.com/japm/evalGo/evalGoCompare.go:155.3,156.20 1 1
github.com/japm/evalGo/evalGoCompare.go:159.4,159.31 1 1
github.com/japm/evalGo/evalGoCompare.go:160.3,161.31 1 0
github.com/japm/evalGo/evalGoCompare.go:147.18,149.5 1 0
github.com/japm/evalGo/evalGoCompare.go:151.18,153.5 1 1
github.com/japm/evalGo/evalGoCompare.go:156.20,158.5 1 1
github.com/japm/evalGo/evalGoCompare.go:165.3,166.56 1 1
github.com/japm/evalGo/evalGoCompare.go:167.3,168.54 1 1
github.com/japm/evalGo/evalGoCompare.go:169.3,170.49 1 1
github.com/japm/evalGo/evalGoCompare.go:171.3,173.18 2 1
github.com/japm/evalGo/evalGoCompare.go:176.4,176.38 1 0
github.com/japm/evalGo/evalGoCompare.go:177.3,178.20 1 1
github.com/japm/evalGo/evalGoCompare.go:181.4,181.44 1 1
github.com/japm/evalGo/evalGoCompare.go:182.3,183.35 1 0
github.com/japm/evalGo/evalGoCompare.go:173.18,175.5 1 1
github.com/japm/evalGo/evalGoCompare.go:178.20,180.5 1 1
github.com/japm/evalGo/evalGoCompare.go:187.3,188.47 1 1
github.com/japm/evalGo/evalGoCompare.go:189.3,190.69 1 1
github.com/japm/evalGo/evalGoCompare.go:191.3,192.58 1 1
github.com/japm/evalGo/evalGoCompare.go:193.3,194.82 1 1
github.com/japm/evalGo/evalGoCompare.go:195.3,196.65 1 1
github.com/japm/evalGo/evalGoCompare.go:197.3,198.35 1 0
github.com/japm/evalGo/evalGoCompare.go:202.3,204.18 2 0
github.com/japm/evalGo/evalGoCompare.go:207.4,208.18 2 0
github.com/japm/evalGo/evalGoCompare.go:211.4,212.18 2 0
github.com/japm/evalGo/evalGoCompare.go:215.4,215.51 1 0
github.com/japm/evalGo/evalGoCompare.go:216.3,217.58 1 0
github.com/japm/evalGo/evalGoCompare.go:218.3,219.54 1 0
github.com/japm/evalGo/evalGoCompare.go:220.3,221.62 1 0
github.com/japm/evalGo/evalGoCompare.go:222.3,223.43 1 0
github.com/japm/evalGo/evalGoCompare.go:224.3,225.28 1 0
github.com/japm/evalGo/evalGoCompare.go:204.18,206.5 1 0
github.com/japm/evalGo/evalGoCompare.go:208.18,210.5 1 0
github.com/japm/evalGo/evalGoCompare.go:212.18,214.5 1 0
github.com/japm/evalGo/evalGoCompare.go:233.82,234.18 1 1
github.com/japm/evalGo/evalGoCompare.go:237.2,237.21 1 1
github.com/japm/evalGo/evalGoCompare.go:322.2,322.111 1 0
github.com/japm/evalGo/evalGoCompare.go:234.18,236.3 1 0
github.com/japm/evalGo/evalGoCompare.go:238.2,239.23 1 1
github.com/japm/evalGo/evalGoCompare.go:262.2,263.23 1 1
github.com/japm/evalGo/evalGoCompare.go:286.2,287.23 1 1
github.com/japm/evalGo/evalGoCompare.go:306.2,307.23 1 1
github.com/japm/evalGo/evalGoCompare.go:319.2,320.18 1 0
github.com/japm/evalGo/evalGoCompare.go:240.3,241.44 1 1
github.com/japm/evalGo/evalGoCompare.go:242.3,243.49 1 1
github.com/japm/evalGo/evalGoCompare.go:244.3,245.55 1 1
github.com/japm/evalGo/evalGoCompare.go:246.3,248.18 2 1
github.com/japm/evalGo/evalGoCompare.go:251.4,252.18 2 1
github.com/japm/evalGo/evalGoCompare.go:255.4,255.44 1 0
github.com/japm/evalGo/evalGoCompare.go:256.3,257.20 1 1
github.com/japm/evalGo/evalGoCompare.go:260.4,260.39 1 1
github.com/japm/evalGo/evalGoCompare.go:248.18,250.5 1 1
github.com/japm/evalGo/evalGoCompare.go:252.18,254.5 1 1
github.com/japm/evalGo/evalGoCompare.go:257.20,259.5 1 1
github.com/japm/evalGo/evalGoCompare.go:264.3,265.49 1 1
github.com/japm/evalGo/evalGoCompare.go:266.3,267.40 1 1
github.com/japm/evalGo/evalGoCompare.go:268.3,269.53 1 1
github.com/japm/evalGo/evalGoCompare.go:270.3,272.18 2 1
github.com/japm/evalGo/evalGoCompare.go:275.4,276.18 2 1
github.com/japm/evalGo/evalGoCompare.go:279.4,279.42 1 0
github.com/japm/evalGo/evalGoCompare.go:280.3,281.20 1 1
github.com/japm/evalGo/evalGoCompare.go:284.4,284.30 1 1
github.com/japm/evalGo/evalGoCompare.go:272.18,274.5 1 0
github.com/japm/evalGo/evalGoCompare.go:276.18,278.5 1 1
github.com/japm/evalGo/evalGoCompare.go:281.20,283.5 1 1
github.com/japm/evalGo/evalGoCompare.go:288.3,289.55 1 1
github.com/japm/evalGo/evalGoCompare.go:290.3,291.53 1 1
github.com/japm/evalGo/evalGoCompare.go:292.3,293.48 1 1
github.com/japm/evalGo/evalGoCompare.go:294.3,296.18 2 1
github.com/japm/evalGo/evalGoCompare.go:299.4,299.37 1 0
github.com/japm/evalGo/evalGoCompare.go:300.3,301.20 1 1
github.com/japm/evalGo/evalGoCompare.go:304.4,304.43 1 1
github.com/japm/evalGo/evalGoCompare.go:296.18,298.5 1 1
github.com/japm/evalGo/evalGoCompare.go:301.20,303.5 1 1
github.com/japm/evalGo/evalGoCompare.go:308.3,309.46 1 1
github.com/japm/evalGo/evalGoCompare.go:310.3,311.68 1 1
github.com/japm/evalGo/evalGoCompare.go:312.3,313.57 1 1
github.com/japm/evalGo/evalGoCompare.go:314.3,315.81 1 1
github.com/japm/evalGo/evalGoCompare.go:316.3,317.64 1 1
github.com/japm/evalGo/evalGoCompare.go:325.82,326.18 1 0
github.com/japm/evalGo/evalGoCompare.go:329.2,329.21 1 0
github.com/japm/evalGo/evalGoCompare.go:414.2,414.111 1 0
github.com/japm/evalGo/evalGoCompare.go:326.18,328.3 1 0
github.com/japm/evalGo/evalGoCompare.go:330.2,331.23 1 0
github.com/japm/evalGo/evalGoCompare.go:354.2,355.23 1 0
github.com/japm/evalGo/evalGoCompare.go:378.2,379.23 1 0
github.com/japm/evalGo/evalGoCompare.go:398.2,399.23 1 0
github.com/japm/evalGo/evalGoCompare.go:411.2,412.18 1 0
github.com/japm/evalGo/evalGoCompare.go:332.3,333.44 1 0
github.com/japm/evalGo/evalGoCompare.go:334.3,335.49 1 0
github.com/japm/evalGo/evalGoCompare.go:336.3,337.55 1 0
github.com/japm/evalGo/evalGoCompare.go:338.3,340.18 2 0
github.com/japm/evalGo/evalGoCompare.go:343.4,344.18 2 0
github.com/japm/evalGo/evalGoCompare.go:347.4,347.44 1 0
github.com/japm/evalGo/evalGoCompare.go:348.3,349.20 1 0
github.com/japm/evalGo/evalGoCompare.go:352.4,352.39 1 0
github.com/japm/evalGo/evalGoCompare.go:340.18,342.5 1 0
github.com/japm/evalGo/evalGoCompare.go:344.18,346.5 1 0
github.com/japm/evalGo/evalGoCompare.go:349.20,351.5 1 0
github.com/japm/evalGo/evalGoCompare.go:356.3,357.49 1 0
github.com/japm/evalGo/evalGoCompare.go:358.3,359.40 1 0
github.com/japm/evalGo/evalGoCompare.go:360.3,361.53 1 0
github.com/japm/evalGo/evalGoCompare.go:362.3,364.18 2 0
github.com/japm/evalGo/evalGoCompare.go:367.4,368.18 2 0
github.com/japm/evalGo/evalGoCompare.go:371.4,371.42 1 0
github.com/japm/evalGo/evalGoCompare.go:372.3,373.20 1 0
github.com/japm/evalGo/evalGoCompare.go:376.4,376.30 1 0
github.com/japm/evalGo/evalGoCompare.go:364.18,366.5 1 0
github.com/japm/evalGo/evalGoCompare.go:368.18,370.5 1 0
github.com/japm/evalGo/evalGoCompare.go:373.20,375.5 1 0
github.com/japm/evalGo/evalGoCompare.go:380.3,381.55 1 0
github.com/japm/evalGo/evalGoCompare.go:382.3,383.53 1 0
github.com/japm/evalGo/evalGoCompare.go:384.3,385.48 1 0
github.com/japm/evalGo/evalGoCompare.go:386.3,388.18 2 0
github.com/japm/evalGo/evalGoCompare.go:391.4,391.37 1 0
github.com/japm/evalGo/evalGoCompare.go:392.3,393.20 1 0
github.com/japm/evalGo/evalGoCompare.go:396.4,396.43 1 0
github.com/japm/evalGo/evalGoCompare.go:388.18,390.5 1 0
github.com/japm/evalGo/evalGoCompare.go:393.20,395.5 1 0
github.com/japm/evalGo/evalGoCompare.go:400.3,401.46 1 0
github.com/japm/evalGo/evalGoCompare.go:402.3,403.68 1 0
github.com/japm/evalGo/evalGoCompare.go:404.3,405.57 1 0
github.com/japm/evalGo/evalGoCompare.go:406.3,407.81 1 0
github.com/japm/evalGo/evalGoCompare.go:408.3,409.64 1 0
github.com/japm/evalGo/evalGoCompare.go:417.82,418.18 1 0
github.com/japm/evalGo/evalGoCompare.go:421.2,421.21 1 0
github.com/japm/evalGo/evalGoCompare.go:506.2,506.111 1 0
github.com/japm/evalGo/evalGoCompare.go:418.18,420.3 1 0
github.com/japm/evalGo/evalGoCompare.go:422.2,423.23 1 0
github.com/japm/evalGo/evalGoCompare.go:446.2,447.23 1 0
github.com/japm/evalGo/evalGoCompare.go:470.2,471.23 1 0
github.com/japm/evalGo/evalGoCompare.go:490.2,491.23 1 0
github.com/japm/evalGo/evalGoCompare.go:503.2,504.18 1 0
github.com/japm/evalGo/evalGoCompare.go:424.3,425.45 1 0
github.com/japm/evalGo/evalGoCompare.go:426.3,427.50 1 0
github.com/japm/evalGo/evalGoCompare.go:428.3,429.56 1 0
github.com/japm/evalGo/evalGoCompare.go:430.3,432.18 2 0
github.com/japm/evalGo/evalGoCompare.go:435.4,436.18 2 0
github.com/japm/evalGo/evalGoCompare.go:439.4,439.45 1 0
github.com/japm/evalGo/evalGoCompare.go:440.3,441.20 1 0
github.com/japm/evalGo/evalGoCompare.go:444.4,444.40 1 0
github.com/japm/evalGo/evalGoCompare.go:432.18,434.5 1 0
github.com/japm/evalGo/evalGoCompare.go:436.18,438.5 1 0
github.com/japm/evalGo/evalGoCompare.go:441.20,443.5 1 0
github.com/japm/evalGo/evalGoCompare.go:448.3,449.50 1 0
github.com/japm/evalGo/evalGoCompare.go:450.3,451.41 1 0
github.com/japm/evalGo/evalGoCompare.go:452.3,453.54 1 0
github.com/japm/evalGo/evalGoCompare.go:454.3,456.18 2 0
github.com/japm/evalGo/evalGoCompare.go:459.4,460.18 2 0
github.com/japm/evalGo/evalGoCompare.go:463.4,463.43 1 0
github.com/japm/evalGo/evalGoCompare.go:464.3,465.20 1 0
github.com/japm/evalGo/evalGoCompare.go:468.4,468.31 1 0
github.com/japm/evalGo/evalGoCompare.go:456.18,458.5 1 0
github.com/japm/evalGo/evalGoCompare.go:460.18,462.5 1 0
github.com/japm/evalGo/evalGoCompare.go:465.20,467.5 1 0
github.com/japm/evalGo/evalGoCompare.go:472.3,473.56 1 0
github.com/japm/evalGo/evalGoCompare.go:474.3,475.54 1 0
github.com/japm/evalGo/evalGoCompare.go:476.3,477.49 1 0
github.com/japm/evalGo/evalGoCompare.go:478.3,480.18 2 0
github.com/japm/evalGo/evalGoCompare.go:483.4,483.38 1 0
github.com/japm/evalGo/evalGoCompare.go:484.3,485.20 1 0
github.com/japm/evalGo/evalGoCompare.go:488.4,488.44 1 0
github.com/japm/evalGo/evalGoCompare.go:480.18,482.5 1 0
github.com/japm/evalGo/evalGoCompare.go:485.20,487.5 1 0
github.com/japm/evalGo/evalGoCompare.go:492.3,493.47 1 0
github.com/japm/evalGo/evalGoCompare.go:494.3,495.69 1 0
github.com/japm/evalGo/evalGoCompare.go:496.3,497.58 1 0
github.com/japm/evalGo/evalGoCompare.go:498.3,499.82 1 0
github.com/japm/evalGo/evalGoCompare.go:500.3,501.65 1 0
github.com/japm/evalGo/evalGoLogic.go:10.88,12.16 2 1
github.com/japm/evalGo/evalGoLogic.go:16.2,17.16 2 1
github.com/japm/evalGo/evalGoLogic.go:20.2,20.12 1 1
github.com/japm/evalGo/evalGoLogic.go:23.2,24.16 2 1
github.com/japm/evalGo/evalGoLogic.go:28.2,29.16 2 1
github.com/japm/evalGo/evalGoLogic.go:32.2,32.19 1 1
github.com/japm/evalGo/evalGoLogic.go:12.16,14.3 1 0
github.com/japm/evalGo/evalGoLogic.go:17.16,19.3 1 0
github.com/japm/evalGo/evalGoLogic.go:20.12,22.3 1 1
github.com/japm/evalGo/evalGoLogic.go:24.16,26.3 1 0
github.com/japm/evalGo/evalGoLogic.go:29.16,31.3 1 0
github.com/japm/evalGo/evalGoLogic.go:35.87,37.16 2 1
github.com/japm/evalGo/evalGoLogic.go:40.2,41.16 2 1
github.com/japm/evalGo/evalGoLogic.go:44.2,44.11 1 1
github.com/japm/evalGo/evalGoLogic.go:48.2,49.16 2 1
github.com/japm/evalGo/evalGoLogic.go:52.2,53.16 2 1
github.com/japm/evalGo/evalGoLogic.go:56.2,56.19 1 1
github.com/japm/evalGo/evalGoLogic.go:37.16,39.3 1 0
github.com/japm/evalGo/evalGoLogic.go:41.16,43.3 1 0
github.com/japm/evalGo/evalGoLogic.go:44.11,46.3 1 1
github.com/japm/evalGo/evalGoLogic.go:49.16,51.3 1 0
github.com/japm/evalGo/evalGoLogic.go:53.16,55.3 1 0
github.com/japm/evalGo/evalGoLogic.go:59.63,60.22 1 1
github.com/japm/evalGo/evalGoLogic.go:86.2,86.80 1 0
github.com/japm/evalGo/evalGoLogic.go:61.2,62.40 1 0
github.com/japm/evalGo/evalGoLogic.go:63.2,64.31 1 0
github.com/japm/evalGo/evalGoLogic.go:65.2,66.44 1 0
github.com/japm/evalGo/evalGoLogic.go:67.2,69.17 2 0
github.com/japm/evalGo/evalGoLogic.go:72.3,73.17 2 0
github.com/japm/evalGo/evalGoLogic.go:76.3,77.17 2 0
github.com/japm/evalGo/evalGoLogic.go:80.3,80.33 1 0
github.com/japm/evalGo/evalGoLogic.go:81.2,82.28 1 1
github.com/japm/evalGo/evalGoLogic.go:83.2,84.18 1 0
github.com/japm/evalGo/evalGoLogic.go:69.17,71.4 1 0
github.com/japm/evalGo/evalGoLogic.go:73.17,75.4 1 0
github.com/japm/evalGo/evalGoLogic.go:77.17,79.4 1 0
github.com/japm/evalGo/evalGo.go:18.13,20.2 1 1
github.com/japm/evalGo/evalGo.go:22.43,24.16 2 1
github.com/japm/evalGo/evalGo.go:27.2,28.12 2 1
github.com/japm/evalGo/evalGo.go:24.16,26.3 1 0
github.com/japm/evalGo/evalGo.go:31.71,32.15 1 1
github.com/japm/evalGo/evalGo.go:37.2,38.17 2 1
github.com/japm/evalGo/evalGo.go:32.15,33.31 1 1
github.com/japm/evalGo/evalGo.go:33.31,35.4 1 0
github.com/japm/evalGo/evalGo.go:42.74,43.15 1 1
github.com/japm/evalGo/evalGo.go:49.2,51.16 2 1
github.com/japm/evalGo/evalGo.go:55.2,56.24 2 1
github.com/japm/evalGo/evalGo.go:67.2,68.17 2 1
github.com/japm/evalGo/evalGo.go:43.15,44.31 1 1
github.com/japm/evalGo/evalGo.go:44.31,46.4 1 0
github.com/japm/evalGo/evalGo.go:51.16,53.3 1 0
github.com/japm/evalGo/evalGo.go:57.2,58.17 1 1
github.com/japm/evalGo/evalGo.go:59.2,60.17 1 1
github.com/japm/evalGo/evalGo.go:61.2,62.17 1 0
github.com/japm/evalGo/evalGo.go:63.2,64.34 1 1
github.com/japm/evalGo/evalGo.go:71.63,73.16 2 1
github.com/japm/evalGo/evalGo.go:76.2,76.21 1 1
github.com/japm/evalGo/evalGo.go:73.16,75.3 1 0
github.com/japm/evalGo/evalGo.go:79.68,81.21 1 1
github.com/japm/evalGo/evalGo.go:82.2,83.66 1 0
github.com/japm/evalGo/evalGo.go:84.2,85.66 1 0
github.com/japm/evalGo/evalGo.go:86.2,87.66 1 0
github.com/japm/evalGo/evalGo.go:88.2,89.66 1 0
github.com/japm/evalGo/evalGo.go:90.2,91.66 1 0
github.com/japm/evalGo/evalGo.go:92.2,93.53 1 1
github.com/japm/evalGo/evalGo.go:94.2,95.57 1 1
github.com/japm/evalGo/evalGo.go:96.2,97.66 1 0
github.com/japm/evalGo/evalGo.go:98.2,99.66 1 0
github.com/japm/evalGo/evalGo.go:100.2,101.53 1 1
github.com/japm/evalGo/evalGo.go:102.2,103.66 1 0
github.com/japm/evalGo/evalGo.go:104.2,105.66 1 0
github.com/japm/evalGo/evalGo.go:106.2,107.66 1 0
github.com/japm/evalGo/evalGo.go:108.2,109.66 1 0
github.com/japm/evalGo/evalGo.go:110.2,111.66 1 0
github.com/japm/evalGo/evalGo.go:112.2,113.66 1 0
github.com/japm/evalGo/evalGo.go:114.2,115.66 1 0
github.com/japm/evalGo/evalGo.go:116.2,117.66 1 0
github.com/japm/evalGo/evalGo.go:118.2,119.66 1 0
github.com/japm/evalGo/evalGo.go:120.2,121.66 1 0
github.com/japm/evalGo/evalGo.go:122.2,123.66 1 0
github.com/japm/evalGo/evalGo.go:124.2,125.66 1 0
github.com/japm/evalGo/evalGo.go:126.2,127.66 1 0
github.com/japm/evalGo/evalGo.go:128.2,129.66 1 0
github.com/japm/evalGo/evalGo.go:130.2,131.66 1 0
github.com/japm/evalGo/evalGo.go:132.2,133.66 1 0
github.com/japm/evalGo/evalGo.go:134.2,135.66 1 0
github.com/japm/evalGo/evalGo.go:136.2,137.66 1 0
github.com/japm/evalGo/evalGo.go:138.2,139.47 1 1
github.com/japm/evalGo/evalGo.go:140.2,141.66 1 0
github.com/japm/evalGo/evalGo.go:142.2,143.66 1 0
github.com/japm/evalGo/evalGo.go:144.2,145.66 1 0
github.com/japm/evalGo/evalGo.go:146.2,147.55 1 1
github.com/japm/evalGo/evalGo.go:148.2,149.66 1 0
github.com/japm/evalGo/evalGo.go:150.2,151.66 1 0
github.com/japm/evalGo/evalGo.go:152.2,153.66 1 0
github.com/japm/evalGo/evalGo.go:154.2,155.66 1 0
github.com/japm/evalGo/evalGo.go:156.2,157.66 1 0
github.com/japm/evalGo/evalGo.go:158.2,159.55 1 0
github.com/japm/evalGo/evalGo.go:160.2,161.66 1 0
github.com/japm/evalGo/evalGo.go:162.2,163.66 1 0
github.com/japm/evalGo/evalGo.go:164.2,165.66 1 0
github.com/japm/evalGo/evalGo.go:166.2,167.61 1 1
github.com/japm/evalGo/evalGo.go:168.2,169.66 1 0
github.com/japm/evalGo/evalGo.go:170.2,171.55 1 1
github.com/japm/evalGo/evalGo.go:172.2,173.53 1 0
github.com/japm/evalGo/evalGo.go:174.2,175.66 1 0
github.com/japm/evalGo/evalGo.go:176.2,177.66 1 0
github.com/japm/evalGo/evalGo.go:178.2,179.66 1 0
github.com/japm/evalGo/evalGo.go:180.2,181.66 1 0
github.com/japm/evalGo/evalGo.go:182.2,183.66 1 0
github.com/japm/evalGo/evalGo.go:184.2,185.55 1 1
github.com/japm/evalGo/evalGo.go:186.2,187.66 1 0
github.com/japm/evalGo/evalGo.go:188.2,189.74 1 0
github.com/japm/evalGo/evalGo.go:193.83,196.16 2 1
github.com/japm/evalGo/evalGo.go:200.2,201.16 2 1
github.com/japm/evalGo/evalGo.go:204.2,206.29 3 1
github.com/japm/evalGo/evalGo.go:219.2,219.23 1 1
github.com/japm/evalGo/evalGo.go:223.2,223.32 1 1
github.com/japm/evalGo/evalGo.go:196.16,198.3 1 0
github.com/japm/evalGo/evalGo.go:201.16,203.3 1 0
github.com/japm/evalGo/evalGo.go:206.29,208.3 1 0
github.com/japm/evalGo/evalGo.go:208.3,209.29 1 1
github.com/japm/evalGo/evalGo.go:209.29,211.17 2 1
github.com/japm/evalGo/evalGo.go:214.3,214.22 1 1
github.com/japm/evalGo/evalGo.go:211.17,213.4 1 0
github.com/japm/evalGo/evalGo.go:216.3,218.3 1 0
github.com/japm/evalGo/evalGo.go:219.23,221.3 1 0
github.com/japm/evalGo/evalGo.go:227.81,230.16 2 0
github.com/japm/evalGo/evalGo.go:234.2,235.34 2 0
github.com/japm/evalGo/evalGo.go:239.2,239.27 1 0
github.com/japm/evalGo/evalGo.go:230.16,232.3 1 0
github.com/japm/evalGo/evalGo.go:235.34,237.3 1 0
github.com/japm/evalGo/evalGo.go:242.83,246.16 2 1
github.com/japm/evalGo/evalGo.go:249.2,253.30 2 1
github.com/japm/evalGo/evalGo.go:258.2,259.21 2 1
github.com/japm/evalGo/evalGo.go:268.2,268.22 1 1
github.com/japm/evalGo/evalGo.go:278.2,278.17 1 1
github.com/japm/evalGo/evalGo.go:285.2,285.40 1 1
github.com/japm/evalGo/evalGo.go:246.16,248.3 1 0
github.com/japm/evalGo/evalGo.go:253.30,255.3 1 0
github.com/japm/evalGo/evalGo.go:259.21,261.3 1 0
github.com/japm/evalGo/evalGo.go:261.3,263.17 2 1
github.com/japm/evalGo/evalGo.go:263.17,265.4 1 0
github.com/japm/evalGo/evalGo.go:268.22,270.3 1 0
github.com/japm/evalGo/evalGo.go:270.3,272.17 2 1
github.com/japm/evalGo/evalGo.go:272.17,274.4 1 0
github.com/japm/evalGo/evalGo.go:278.17,280.17 2 0
github.com/japm/evalGo/evalGo.go:283.3,283.45 1 0
github.com/japm/evalGo/evalGo.go:280.17,282.4 1 0
github.com/japm/evalGo/evalGo.go:288.83,290.2 1 0
github.com/japm/evalGo/evalGo.go:292.83,294.16 2 1
github.com/japm/evalGo/evalGo.go:297.2,297.17 1 1
github.com/japm/evalGo/evalGo.go:294.16,296.3 1 0
github.com/japm/evalGo/evalGo.go:298.2,299.31 1 1
github.com/japm/evalGo/evalGo.go:300.2,301.31 1 0
github.com/japm/evalGo/evalGo.go:302.2,303.31 1 0
github.com/japm/evalGo/evalGo.go:304.2,305.72 1 0
github.com/japm/evalGo/evalGo.go:309.85,312.24 1 1
github.com/japm/evalGo/evalGo.go:316.2,317.16 2 1
github.com/japm/evalGo/evalGo.go:321.2,322.16 2 1
github.com/japm/evalGo/evalGo.go:326.2,326.44 1 1
github.com/japm/evalGo/evalGo.go:312.24,314.3 1 1
github.com/japm/evalGo/evalGo.go:317.16,319.3 1 0
github.com/japm/evalGo/evalGo.go:322.16,324.3 1 0
github.com/japm/evalGo/evalGo.go:329.75,332.38 2 1
github.com/japm/evalGo/evalGo.go:339.2,339.20 1 1
github.com/japm/evalGo/evalGo.go:342.2,345.24 3 1
github.com/japm/evalGo/evalGo.go:371.2,371.9 1 1
github.com/japm/evalGo/evalGo.go:374.2,374.17 1 1
github.com/japm/evalGo/evalGo.go:332.38,334.3 1 0
github.com/japm/evalGo/evalGo.go:334.3,334.46 1 1
github.com/japm/evalGo/evalGo.go:334.46,336.3 1 1
github.com/japm/evalGo/evalGo.go:336.3,336.47 1 1
github.com/japm/evalGo/evalGo.go:336.47,338.3 1 1
github.com/japm/evalGo/evalGo.go:339.20,341.3 1 0
github.com/japm/evalGo/evalGo.go:346.2,347.56 1 1
github.com/japm/evalGo/evalGo.go:348.2,349.60 1 1
github.com/japm/evalGo/evalGo.go:350.2,352.35 2 1
github.com/japm/evalGo/evalGo.go:355.3,357.9 3 1
github.com/japm/evalGo/evalGo.go:360.2,362.35 2 0
github.com/japm/evalGo/evalGo.go:365.3,367.9 3 0
github.com/japm/evalGo/evalGo.go:352.35,354.4 1 1
github.com/japm/evalGo/evalGo.go:357.9,359.4 1 1
github.com/japm/evalGo/evalGo.go:362.35,364.4 1 0
github.com/japm/evalGo/evalGo.go:367.9,369.4 1 0
github.com/japm/evalGo/evalGo.go:371.9,373.3 1 1
github.com/japm/evalGo/evalGo.go:377.81,378.19 1 1
github.com/japm/evalGo/evalGo.go:379.2,380.46 1 1
github.com/japm/evalGo/evalGo.go:381.2,382.44 1 1
github.com/japm/evalGo/evalGo.go:383.2,384.53 1 0
github.com/japm/evalGo/evalGo.go:385.2,386.25 1 0
github.com/japm/evalGo/evalGo.go:387.2,388.48 1 1
github.com/japm/evalGo/evalGo.go:389.2,390.81 1 0
github.com/japm/evalGo/evalGo.go:394.103,395.17 1 1
github.com/japm/evalGo/evalGo.go:396.2,397.40 1 1
github.com/japm/evalGo/evalGo.go:398.2,399.40 1 1
github.com/japm/evalGo/evalGo.go:400.2,401.40 1 1
github.com/japm/evalGo/evalGo.go:402.2,403.40 1 1
github.com/japm/evalGo/evalGo.go:404.2,405.40 1 0
github.com/japm/evalGo/evalGo.go:406.2,407.40 1 1
github.com/japm/evalGo/evalGo.go:408.2,409.40 1 1
github.com/japm/evalGo/evalGo.go:410.2,411.40 1 0
github.com/japm/evalGo/evalGo.go:412.2,413.40 1 0
github.com/japm/evalGo/evalGo.go:414.2,415.40 1 0
github.com/japm/evalGo/evalGo.go:416.2,417.40 1 1
github.com/japm/evalGo/evalGo.go:418.2,419.77 1 0
github.com/japm/evalGo/evalGo.go:424.91,425.17 1 1
github.com/japm/evalGo/evalGo.go:426.2,427.42 1 1
github.com/japm/evalGo/evalGo.go:428.2,429.41 1 1
github.com/japm/evalGo/evalGo.go:430.2,431.77 1 0
github.com/japm/evalGo/evalGo.go:435.63,436.22 1 0
github.com/japm/evalGo/evalGo.go:448.2,448.80 1 0
github.com/japm/evalGo/evalGo.go:437.2,438.29 1 0
github.com/japm/evalGo/evalGo.go:439.2,440.27 1 0
github.com/japm/evalGo/evalGo.go:441.2,442.31 1 0
github.com/japm/evalGo/evalGo.go:443.2,444.28 1 0
github.com/japm/evalGo/evalGo.go:445.2,446.18 1 0
github.com/japm/evalGo/evalGo.go:451.63,455.20 2 0
github.com/japm/evalGo/evalGo.go:458.2,458.17 1 0
github.com/japm/evalGo/evalGo.go:462.2,462.24 1 0
github.com/japm/evalGo/evalGo.go:455.20,457.3 1 0
github.com/japm/evalGo/evalGo.go:458.17,460.3 1 0
github.com/japm/evalGo/evalGo.go:465.48,466.22 1 1
github.com/japm/evalGo/evalGo.go:492.2,492.91 1 0
github.com/japm/evalGo/evalGo.go:467.2,468.40 1 0
github.com/japm/evalGo/evalGo.go:469.2,470.31 1 0
github.com/japm/evalGo/evalGo.go:471.2,472.44 1 0
github.com/japm/evalGo/evalGo.go:473.2,475.17 2 0
github.com/japm/evalGo/evalGo.go:478.3,479.17 2 0
github.com/japm/evalGo/evalGo.go:482.3,483.17 2 0
github.com/japm/evalGo/evalGo.go:486.3,486.33 1 0
github.com/japm/evalGo/evalGo.go:487.2,488.27 1 1
github.com/japm/evalGo/evalGo.go:489.2,490.20 1 0
github.com/japm/evalGo/evalGo.go:475.17,477.4 1 0
github.com/japm/evalGo/evalGo.go:479.17,481.4 1 0
github.com/japm/evalGo/evalGo.go:483.17,485.4 1 0
github.com/japm/evalGo/evalGo.go:495.46,496.22 1 1
github.com/japm/evalGo/evalGo.go:516.2,516.87 1 0
github.com/japm/evalGo/evalGo.go:497.2,498.33 1 1
github.com/japm/evalGo/evalGo.go:499.2,500.26 1 0
github.com/japm/evalGo/evalGo.go:501.2,502.35 1 0
github.com/japm/evalGo/evalGo.go:503.2,505.17 2 0
github.com/japm/evalGo/evalGo.go:508.3,509.17 2 0
github.com/japm/evalGo/evalGo.go:512.3,512.24 1 0
github.com/japm/evalGo/evalGo.go:513.2,514.16 1 0
github.com/japm/evalGo/evalGo.go:505.17,507.4 1 0
github.com/japm/evalGo/evalGo.go:509.17,511.4 1 0
